<?xml version="1.0" encoding="UTF-8"?>
<!-- Generated by org.testng.reporters.JUnitReportReporter -->
<testsuite hostname="INLEN8520069387" failures="0" tests="2" name="org.cap.testng.TestMethod" time="0.010" errors="0" timestamp="2024-04-16T13:43:30 IST" skipped="0">
  <testcase classname="org.cap.testng.TestMethod" name="test1" time="0.009"/>
  <testcase classname="org.cap.testng.TestMethod" name="test10" time="0.001"/>
</testsuite> <!-- org.cap.testng.TestMethod -->
