<?xml version="1.0" encoding="UTF-8"?>
<!-- Generated by org.testng.reporters.JUnitReportReporter -->
<testsuite hostname="INLEN8520069387" failures="0" tests="2" name="Testrun.bankmanager" time="1.952" errors="0" timestamp="2024-04-15T13:54:13 IST" skipped="0">
  <testcase classname="Testrun.bankmanager" name="lauchbrowser" time="0.970"/>
  <testcase classname="Testrun.bankmanager" name="Newcustomer" time="0.982"/>
</testsuite> <!-- Testrun.bankmanager -->
