<?xml version="1.0" encoding="UTF-8"?>
<!-- Generated by org.testng.reporters.JUnitReportReporter -->
<testsuite hostname="INLEN8520069387" failures="0" tests="1" name="test.Run_Test" time="2.709" errors="0" timestamp="2024-02-09T14:38:11 IST" skipped="0">
  <testcase classname="test.Run_Test" name="AddCart" time="2.709"/>
</testsuite> <!-- test.Run_Test -->
